[0.798s] Invoking command in '/home/thang/Desktop/arduinorobot_ws/src/arduinobot_py_examples': CONDA_PROMPT_MODIFIER=(test1) PYTHONPATH=/home/thang/Desktop/arduinorobot_ws/build/arduinobot_py_examples/prefix_override:/usr/lib/python3/dist-packages/colcon_core/task/python/colcon_distutils_commands:/home/thang/Desktop/arduinorobot_ws/install/arduinobot_py_examples/lib/python3.10/site-packages:${PYTHONPATH} /usr/bin/python3 -W ignore:setup.py install is deprecated -W ignore:easy_install command is deprecated setup.py egg_info --egg-base ../../build/arduinobot_py_examples build --build-base /home/thang/Desktop/arduinorobot_ws/build/arduinobot_py_examples/build install --record /home/thang/Desktop/arduinorobot_ws/build/arduinobot_py_examples/install.log --single-version-externally-managed install_data
[1.112s] running egg_info
[1.113s] creating ../../build/arduinobot_py_examples/arduinobot_py_examples.egg-info
[1.113s] writing ../../build/arduinobot_py_examples/arduinobot_py_examples.egg-info/PKG-INFO
[1.113s] writing dependency_links to ../../build/arduinobot_py_examples/arduinobot_py_examples.egg-info/dependency_links.txt
[1.113s] writing entry points to ../../build/arduinobot_py_examples/arduinobot_py_examples.egg-info/entry_points.txt
[1.113s] writing requirements to ../../build/arduinobot_py_examples/arduinobot_py_examples.egg-info/requires.txt
[1.113s] writing top-level names to ../../build/arduinobot_py_examples/arduinobot_py_examples.egg-info/top_level.txt
[1.113s] writing manifest file '../../build/arduinobot_py_examples/arduinobot_py_examples.egg-info/SOURCES.txt'
[1.114s] reading manifest file '../../build/arduinobot_py_examples/arduinobot_py_examples.egg-info/SOURCES.txt'
[1.114s] writing manifest file '../../build/arduinobot_py_examples/arduinobot_py_examples.egg-info/SOURCES.txt'
[1.115s] running build
[1.115s] running build_py
[1.115s] creating /home/thang/Desktop/arduinorobot_ws/build/arduinobot_py_examples/build
[1.116s] creating /home/thang/Desktop/arduinorobot_ws/build/arduinobot_py_examples/build/lib
[1.116s] creating /home/thang/Desktop/arduinorobot_ws/build/arduinobot_py_examples/build/lib/arduinobot_py_examples
[1.116s] copying arduinobot_py_examples/simple_publisher.py -> /home/thang/Desktop/arduinorobot_ws/build/arduinobot_py_examples/build/lib/arduinobot_py_examples
[1.116s] copying arduinobot_py_examples/__init__.py -> /home/thang/Desktop/arduinorobot_ws/build/arduinobot_py_examples/build/lib/arduinobot_py_examples
[1.116s] copying arduinobot_py_examples/simple_subscriber.py -> /home/thang/Desktop/arduinorobot_ws/build/arduinobot_py_examples/build/lib/arduinobot_py_examples
[1.117s] running install
[1.117s] running install_lib
[1.119s] creating /home/thang/Desktop/arduinorobot_ws/install/arduinobot_py_examples/lib/python3.10/site-packages/arduinobot_py_examples
[1.119s] copying /home/thang/Desktop/arduinorobot_ws/build/arduinobot_py_examples/build/lib/arduinobot_py_examples/simple_publisher.py -> /home/thang/Desktop/arduinorobot_ws/install/arduinobot_py_examples/lib/python3.10/site-packages/arduinobot_py_examples
[1.120s] copying /home/thang/Desktop/arduinorobot_ws/build/arduinobot_py_examples/build/lib/arduinobot_py_examples/__init__.py -> /home/thang/Desktop/arduinorobot_ws/install/arduinobot_py_examples/lib/python3.10/site-packages/arduinobot_py_examples
[1.120s] copying /home/thang/Desktop/arduinorobot_ws/build/arduinobot_py_examples/build/lib/arduinobot_py_examples/simple_subscriber.py -> /home/thang/Desktop/arduinorobot_ws/install/arduinobot_py_examples/lib/python3.10/site-packages/arduinobot_py_examples
[1.120s] byte-compiling /home/thang/Desktop/arduinorobot_ws/install/arduinobot_py_examples/lib/python3.10/site-packages/arduinobot_py_examples/simple_publisher.py to simple_publisher.cpython-310.pyc
[1.120s] byte-compiling /home/thang/Desktop/arduinorobot_ws/install/arduinobot_py_examples/lib/python3.10/site-packages/arduinobot_py_examples/__init__.py to __init__.cpython-310.pyc
[1.120s] byte-compiling /home/thang/Desktop/arduinorobot_ws/install/arduinobot_py_examples/lib/python3.10/site-packages/arduinobot_py_examples/simple_subscriber.py to simple_subscriber.cpython-310.pyc
[1.120s] running install_data
[1.121s] creating /home/thang/Desktop/arduinorobot_ws/install/arduinobot_py_examples/share/ament_index
[1.121s] creating /home/thang/Desktop/arduinorobot_ws/install/arduinobot_py_examples/share/ament_index/resource_index
[1.121s] creating /home/thang/Desktop/arduinorobot_ws/install/arduinobot_py_examples/share/ament_index/resource_index/packages
[1.121s] copying resource/arduinobot_py_examples -> /home/thang/Desktop/arduinorobot_ws/install/arduinobot_py_examples/share/ament_index/resource_index/packages
[1.121s] copying package.xml -> /home/thang/Desktop/arduinorobot_ws/install/arduinobot_py_examples/share/arduinobot_py_examples
[1.121s] running install_egg_info
[1.124s] Copying ../../build/arduinobot_py_examples/arduinobot_py_examples.egg-info to /home/thang/Desktop/arduinorobot_ws/install/arduinobot_py_examples/lib/python3.10/site-packages/arduinobot_py_examples-0.0.0-py3.10.egg-info
[1.125s] running install_scripts
[1.153s] Installing simple_publisher script to /home/thang/Desktop/arduinorobot_ws/install/arduinobot_py_examples/lib/arduinobot_py_examples
[1.153s] Installing simple_subscriber script to /home/thang/Desktop/arduinorobot_ws/install/arduinobot_py_examples/lib/arduinobot_py_examples
[1.157s] writing list of installed files to '/home/thang/Desktop/arduinorobot_ws/build/arduinobot_py_examples/install.log'
[1.197s] Invoked command in '/home/thang/Desktop/arduinorobot_ws/src/arduinobot_py_examples' returned '0': CONDA_PROMPT_MODIFIER=(test1) PYTHONPATH=/home/thang/Desktop/arduinorobot_ws/build/arduinobot_py_examples/prefix_override:/usr/lib/python3/dist-packages/colcon_core/task/python/colcon_distutils_commands:/home/thang/Desktop/arduinorobot_ws/install/arduinobot_py_examples/lib/python3.10/site-packages:${PYTHONPATH} /usr/bin/python3 -W ignore:setup.py install is deprecated -W ignore:easy_install command is deprecated setup.py egg_info --egg-base ../../build/arduinobot_py_examples build --build-base /home/thang/Desktop/arduinorobot_ws/build/arduinobot_py_examples/build install --record /home/thang/Desktop/arduinorobot_ws/build/arduinobot_py_examples/install.log --single-version-externally-managed install_data
